This is pdfTeX, Version 3.14159265-2.6-1.40.21 (TeX Live 2020) (preloaded format=pdflatex 2020.4.7)  19 JUN 2023 22:34
entering extended mode
 restricted \write18 enabled.
 %&-line parsing enabled.
**/Users/msasaki/Desktop/Lab_Projects/01_Collabs/starved_ctmax/Output/Drafts/Mo
reno_and_Sasaki_2023.tex

(/Users/msasaki/Desktop/Lab_Projects/01_Collabs/starved_ctmax/Output/Drafts/Mor
eno_and_Sasaki_2023.tex
LaTeX2e <2020-02-02> patch level 5
L3 programming layer <2020-03-06> (/usr/local/texlive/2020/texmf-dist/tex/latex
/base/article.cls
Document Class: article 2019/12/20 v1.4l Standard LaTeX document class
(/usr/local/texlive/2020/texmf-dist/tex/latex/base/size10.clo
File: size10.clo 2019/12/20 v1.4l Standard LaTeX file (size option)
)
\c@part=\count167
\c@section=\count168
\c@subsection=\count169
\c@subsubsection=\count170
\c@paragraph=\count171
\c@subparagraph=\count172
\c@figure=\count173
\c@table=\count174
\abovecaptionskip=\skip47
\belowcaptionskip=\skip48
\bibindent=\dimen134
) (/usr/local/texlive/2020/texmf-dist/tex/latex/geometry/geometry.sty
Package: geometry 2020/01/02 v5.9 Page Geometry
(/usr/local/texlive/2020/texmf-dist/tex/latex/graphics/keyval.sty
Package: keyval 2014/10/28 v1.15 key=value parser (DPC)
\KV@toks@=\toks15
) (/usr/local/texlive/2020/texmf-dist/tex/generic/iftex/ifvtex.sty
Package: ifvtex 2019/10/25 v1.7 ifvtex legacy package. Use iftex instead.
(/usr/local/texlive/2020/texmf-dist/tex/generic/iftex/iftex.sty
Package: iftex 2020/03/06 v1.0d TeX engine tests
))
\Gm@cnth=\count175
\Gm@cntv=\count176
\c@Gm@tempcnt=\count177
\Gm@bindingoffset=\dimen135
\Gm@wd@mp=\dimen136
\Gm@odd@mp=\dimen137
\Gm@even@mp=\dimen138
\Gm@layoutwidth=\dimen139
\Gm@layoutheight=\dimen140
\Gm@layouthoffset=\dimen141
\Gm@layoutvoffset=\dimen142
\Gm@dimlist=\toks16
) (/usr/local/texlive/2020/texmf-dist/tex/latex/parskip/parskip.sty
Package: parskip 2020-01-22 v2.0d non-zero parskip adjustments
(/usr/local/texlive/2020/texmf-dist/tex/latex/kvoptions/kvoptions.sty
Package: kvoptions 2019/11/29 v3.13 Key value format for package options (HO)
(/usr/local/texlive/2020/texmf-dist/tex/generic/ltxcmds/ltxcmds.sty
Package: ltxcmds 2019/12/15 v1.24 LaTeX kernel commands for general use (HO)
) (/usr/local/texlive/2020/texmf-dist/tex/generic/kvsetkeys/kvsetkeys.sty
Package: kvsetkeys 2019/12/15 v1.18 Key value parser (HO)
)) (/usr/local/texlive/2020/texmf-dist/tex/latex/etoolbox/etoolbox.sty
Package: etoolbox 2019/09/21 v2.5h e-TeX tools for LaTeX (JAW)
\etb@tempcnta=\count178
)) (/usr/local/texlive/2020/texmf-dist/tex/latex/nimbus15/nimbussans.sty
Package: nimbussans 2019/10/18 v1.012
`nimbussans' v1.012, 2019/10/18 Style file for NimbusSans (msharpe) (/usr/local
/texlive/2020/texmf-dist/tex/latex/base/fontenc.sty
Package: fontenc 2020/02/11 v2.0o Standard LaTeX package
) (/usr/local/texlive/2020/texmf-dist/tex/latex/base/textcomp.sty
Package: textcomp 2020/02/02 v2.0n Standard LaTeX package
) (/usr/local/texlive/2020/texmf-dist/tex/latex/xkeyval/xkeyval.sty
Package: xkeyval 2014/12/03 v2.7a package option processing (HA)
(/usr/local/texlive/2020/texmf-dist/tex/generic/xkeyval/xkeyval.tex (/usr/local
/texlive/2020/texmf-dist/tex/generic/xkeyval/xkvutils.tex
\XKV@toks=\toks17
\XKV@tempa@toks=\toks18
)
\XKV@depth=\count179
File: xkeyval.tex 2014/12/03 v2.7a key=value parser (HA)
))) (/usr/local/texlive/2020/texmf-dist/tex/latex/base/fontenc.sty
Package: fontenc 2020/02/11 v2.0o Standard LaTeX package
LaTeX Font Info:    Trying to load font information for T1+NimbusSans on input 
line 112.
(/usr/local/texlive/2020/texmf-dist/tex/latex/nimbus15/T1NimbusSans.fd
File: T1NimbusSans.fd 2015/09/19 Font definitions for T1/NimbusSans (msharpe).
)
LaTeX Font Info:    Font shape `T1/NimbusSans/m/n' will be
(Font)              scaled to size 10.0pt on input line 112.
) (/usr/local/texlive/2020/texmf-dist/tex/latex/abstract/abstract.sty
Package: abstract 2009/06/08 v1.2a configurable abstracts
\abstitleskip=\skip49
\absleftindent=\skip50
\absrightindent=\skip51
\absparindent=\skip52
\absparsep=\skip53
) (/usr/local/texlive/2020/texmf-dist/tex/latex/graphics/graphicx.sty
Package: graphicx 2019/11/30 v1.2a Enhanced LaTeX Graphics (DPC,SPQR)
(/usr/local/texlive/2020/texmf-dist/tex/latex/graphics/graphics.sty
Package: graphics 2019/11/30 v1.4a Standard LaTeX Graphics (DPC,SPQR)
(/usr/local/texlive/2020/texmf-dist/tex/latex/graphics/trig.sty
Package: trig 2016/01/03 v1.10 sin cos tan (DPC)
) (/usr/local/texlive/2020/texmf-dist/tex/latex/graphics-cfg/graphics.cfg
File: graphics.cfg 2016/06/04 v1.11 sample graphics configuration
)
Package graphics Info: Driver file: pdftex.def on input line 105.
(/usr/local/texlive/2020/texmf-dist/tex/latex/graphics-def/pdftex.def
File: pdftex.def 2018/01/08 v1.0l Graphics/color driver for pdftex
))
\Gin@req@height=\dimen143
\Gin@req@width=\dimen144
) (/usr/local/texlive/2020/texmf-dist/tex/latex/grffile/grffile.sty
Package: grffile 2019/11/11 v2.1 Extended file name support for graphics (legac
y)
Package grffile Info: This package is an empty stub for compatibility on input 
line 40.
) (/usr/local/texlive/2020/texmf-dist/tex/latex/titlesec/titlesec.sty
Package: titlesec 2019/10/16 v2.13 Sectioning titles
\ttl@box=\box45
\beforetitleunit=\skip54
\aftertitleunit=\skip55
\ttl@plus=\dimen145
\ttl@minus=\dimen146
\ttl@toksa=\toks19
\titlewidth=\dimen147
\titlewidthlast=\dimen148
\titlewidthfirst=\dimen149
) (/usr/local/texlive/2020/texmf-dist/tex/latex/natbib/natbib.sty
Package: natbib 2010/09/13 8.31b (PWD, AO)
\bibhang=\skip56
\bibsep=\skip57
LaTeX Info: Redefining \cite on input line 694.
\c@NAT@ctr=\count180
) (/usr/local/texlive/2020/texmf-dist/tex/latex/underscore/underscore.sty
Package: underscore 2006/09/13
LaTeX Info: Redefining \_ on input line 42.
)
\c@hypothesis=\count181
(/usr/local/texlive/2020/texmf-dist/tex/latex/setspace/setspace.sty
Package: setspace 2011/12/19 v6.7a set line spacing
) (/usr/local/texlive/2020/texmf-dist/tex/latex/caption/caption.sty
Package: caption 2020/01/03 v3.4h Customizing captions (AR)
(/usr/local/texlive/2020/texmf-dist/tex/latex/caption/caption3.sty
Package: caption3 2020/01/03 v1.8h caption3 kernel (AR)
Package caption3 Info: TeX engine: e-TeX on input line 61.
\captionmargin=\dimen150
\captionmargin@=\dimen151
\captionwidth=\dimen152
\caption@tempdima=\dimen153
\caption@indent=\dimen154
\caption@parindent=\dimen155
\caption@hangindent=\dimen156
Package caption Info: Standard document class detected.
)
\c@caption@flags=\count182
\c@continuedfloat=\count183
) (/usr/local/texlive/2020/texmf-dist/tex/latex/float/float.sty
Package: float 2001/11/08 v1.3d Float enhancements (AL)
\c@float@type=\count184
\float@exts=\toks20
\float@box=\box46
\@float@everytoks=\toks21
\@floatcapt=\box47
) (/usr/local/texlive/2020/texmf-dist/tex/latex/hyperref/hyperref.sty
Package: hyperref 2020/01/14 v7.00d Hypertext links for LaTeX
(/usr/local/texlive/2020/texmf-dist/tex/latex/pdftexcmds/pdftexcmds.sty
Package: pdftexcmds 2019/11/24 v0.31 Utility functions of pdfTeX for LuaTeX (HO
)
(/usr/local/texlive/2020/texmf-dist/tex/generic/infwarerr/infwarerr.sty
Package: infwarerr 2019/12/03 v1.5 Providing info/warning/error messages (HO)
)
Package pdftexcmds Info: \pdf@primitive is available.
Package pdftexcmds Info: \pdf@ifprimitive is available.
Package pdftexcmds Info: \pdfdraftmode found.
) (/usr/local/texlive/2020/texmf-dist/tex/generic/kvdefinekeys/kvdefinekeys.sty
Package: kvdefinekeys 2019-12-19 v1.6 Define keys (HO)
) (/usr/local/texlive/2020/texmf-dist/tex/generic/pdfescape/pdfescape.sty
Package: pdfescape 2019/12/09 v1.15 Implements pdfTeX's escape features (HO)
) (/usr/local/texlive/2020/texmf-dist/tex/latex/hycolor/hycolor.sty
Package: hycolor 2020-01-27 v1.10 Color options for hyperref/bookmark (HO)
) (/usr/local/texlive/2020/texmf-dist/tex/latex/letltxmacro/letltxmacro.sty
Package: letltxmacro 2019/12/03 v1.6 Let assignment for LaTeX macros (HO)
) (/usr/local/texlive/2020/texmf-dist/tex/latex/auxhook/auxhook.sty
Package: auxhook 2019-12-17 v1.6 Hooks for auxiliary files (HO)
)
\@linkdim=\dimen157
\Hy@linkcounter=\count185
\Hy@pagecounter=\count186
(/usr/local/texlive/2020/texmf-dist/tex/latex/hyperref/pd1enc.def
File: pd1enc.def 2020/01/14 v7.00d Hyperref: PDFDocEncoding definition (HO)
Now handling font encoding PD1 ...
... no UTF-8 mapping file for font encoding PD1
) (/usr/local/texlive/2020/texmf-dist/tex/generic/intcalc/intcalc.sty
Package: intcalc 2019/12/15 v1.3 Expandable calculations with integers (HO)
) (/usr/local/texlive/2020/texmf-dist/tex/generic/etexcmds/etexcmds.sty
Package: etexcmds 2019/12/15 v1.7 Avoid name clashes with e-TeX commands (HO)
)
\Hy@SavedSpaceFactor=\count187
Package hyperref Info: Option `draft' set `true' on input line 4421.
Package hyperref Info: Option `unicode' set `true' on input line 4421.
(/usr/local/texlive/2020/texmf-dist/tex/latex/hyperref/puenc.def
File: puenc.def 2020/01/14 v7.00d Hyperref: PDF Unicode definition (HO)
Now handling font encoding PU ...
... no UTF-8 mapping file for font encoding PU
)
Package hyperref Info: Hyper figures OFF on input line 4547.
Package hyperref Info: Link nesting OFF on input line 4552.
Package hyperref Info: Hyper index ON on input line 4555.
Package hyperref Info: Plain pages OFF on input line 4562.
Package hyperref Info: Backreferencing OFF on input line 4567.
Package hyperref Info: Implicit mode ON; LaTeX internals redefined.
Package hyperref Info: Bookmarks ON on input line 4800.
\c@Hy@tempcnt=\count188
(/usr/local/texlive/2020/texmf-dist/tex/latex/url/url.sty
\Urlmuskip=\muskip16
Package: url 2013/09/16  ver 3.4  Verb mode for urls, etc.
)
LaTeX Info: Redefining \url on input line 5159.
\XeTeXLinkMargin=\dimen158
(/usr/local/texlive/2020/texmf-dist/tex/generic/bitset/bitset.sty
Package: bitset 2019/12/09 v1.3 Handle bit-vector datatype (HO)
(/usr/local/texlive/2020/texmf-dist/tex/generic/bigintcalc/bigintcalc.sty
Package: bigintcalc 2019/12/15 v1.5 Expandable calculations on big integers (HO
)
))
\Fld@menulength=\count189
\Field@Width=\dimen159
\Fld@charsize=\dimen160
Package hyperref Info: Hyper figures OFF on input line 6430.
Package hyperref Info: Link nesting OFF on input line 6435.
Package hyperref Info: Hyper index ON on input line 6438.
Package hyperref Info: backreferencing OFF on input line 6445.
Package hyperref Info: Link coloring OFF on input line 6450.
Package hyperref Info: Link coloring with OCG OFF on input line 6455.
Package hyperref Info: PDF/A mode OFF on input line 6460.
LaTeX Info: Redefining \ref on input line 6500.
LaTeX Info: Redefining \pageref on input line 6504.
(/usr/local/texlive/2020/texmf-dist/tex/generic/atbegshi/atbegshi.sty
Package: atbegshi 2019/12/05 v1.19 At begin shipout hook (HO)
)
\Hy@abspage=\count190
\c@Item=\count191
\c@Hfootnote=\count192
)
Package hyperref Info: Driver (autodetected): hpdftex.
(/usr/local/texlive/2020/texmf-dist/tex/latex/hyperref/hpdftex.def
File: hpdftex.def 2020/01/14 v7.00d Hyperref driver for pdfTeX
(/usr/local/texlive/2020/texmf-dist/tex/latex/atveryend/atveryend.sty
Package: atveryend 2019-12-11 v1.11 Hooks at the very end of document (HO)
)
\Fld@listcount=\count193
\c@bookmark@seq@number=\count194

(/usr/local/texlive/2020/texmf-dist/tex/latex/rerunfilecheck/rerunfilecheck.sty
Package: rerunfilecheck 2019/12/05 v1.9 Rerun checks for auxiliary files (HO)

(/usr/local/texlive/2020/texmf-dist/tex/generic/uniquecounter/uniquecounter.sty
Package: uniquecounter 2019/12/15 v1.4 Provide unlimited unique counter (HO)
)
Package uniquecounter Info: New unique counter `rerunfilecheck' on input line 2
86.
)
\Hy@SectionHShift=\skip58
) (/usr/local/texlive/2020/texmf-dist/tex/latex/graphics/color.sty
Package: color 2019/11/23 v1.2a Standard LaTeX Color (DPC)
(/usr/local/texlive/2020/texmf-dist/tex/latex/graphics-cfg/color.cfg
File: color.cfg 2016/01/02 v1.6 sample color configuration
)
Package color Info: Driver file: pdftex.def on input line 147.
(/usr/local/texlive/2020/texmf-dist/tex/latex/graphics/dvipsnam.def
File: dvipsnam.def 2016/06/17 v3.0m Driver-dependent file (DPC,SPQR)
))
Package hyperref Info: Option `breaklinks' set `true' on input line 124.

Package hyperref Warning: Option `bookmarks' has already been used,
(hyperref)                setting the option has no effect on input line 124.

Package hyperref Info: Option `colorlinks' set `true' on input line 124.
(/usr/local/texlive/2020/texmf-dist/tex/latex/placeins/placeins.sty
Package: placeins 2005/04/18  v 2.2
) (/usr/local/texlive/2020/texmf-dist/tex/latex/l3backend/l3backend-pdfmode.def
File: l3backend-pdfmode.def 2020-03-12 L3 backend support: PDF mode
\l__kernel_color_stack_int=\count195
\l__pdf_internal_box=\box48
) (./Moreno_and_Sasaki_2023.aux)
\openout1 = `Moreno_and_Sasaki_2023.aux'.

LaTeX Font Info:    Checking defaults for OML/cmm/m/it on input line 142.
LaTeX Font Info:    ... okay on input line 142.
LaTeX Font Info:    Checking defaults for OMS/cmsy/m/n on input line 142.
LaTeX Font Info:    ... okay on input line 142.
LaTeX Font Info:    Checking defaults for OT1/cmr/m/n on input line 142.
LaTeX Font Info:    ... okay on input line 142.
LaTeX Font Info:    Checking defaults for T1/cmr/m/n on input line 142.
LaTeX Font Info:    ... okay on input line 142.
LaTeX Font Info:    Checking defaults for TS1/cmr/m/n on input line 142.
LaTeX Font Info:    ... okay on input line 142.
LaTeX Font Info:    Checking defaults for OMX/cmex/m/n on input line 142.
LaTeX Font Info:    ... okay on input line 142.
LaTeX Font Info:    Checking defaults for U/cmr/m/n on input line 142.
LaTeX Font Info:    ... okay on input line 142.
LaTeX Font Info:    Checking defaults for PD1/pdf/m/n on input line 142.
LaTeX Font Info:    ... okay on input line 142.
LaTeX Font Info:    Checking defaults for PU/pdf/m/n on input line 142.
LaTeX Font Info:    ... okay on input line 142.
*geometry* driver: auto-detecting
*geometry* detected driver: pdftex
*geometry* verbose mode - [ preamble ] result:
* driver: pdftex
* paper: <default>
* layout: <same size as paper>
* layoutoffset:(h,v)=(0.0pt,0.0pt)
* modes: 
* h-part:(L,W,R)=(72.26999pt, 469.75502pt, 72.26999pt)
* v-part:(T,H,B)=(72.26999pt, 650.43001pt, 72.26999pt)
* \paperwidth=614.295pt
* \paperheight=794.96999pt
* \textwidth=469.75502pt
* \textheight=650.43001pt
* \oddsidemargin=0.0pt
* \evensidemargin=0.0pt
* \topmargin=-37.0pt
* \headheight=12.0pt
* \headsep=25.0pt
* \topskip=10.0pt
* \footskip=30.0pt
* \marginparwidth=65.0pt
* \marginparsep=11.0pt
* \columnsep=10.0pt
* \skip\footins=9.0pt plus 4.0pt minus 2.0pt
* \hoffset=0.0pt
* \voffset=0.0pt
* \mag=1000
* \@twocolumnfalse
* \@twosidefalse
* \@mparswitchfalse
* \@reversemarginfalse
* (1in=72.27pt=25.4mm, 1cm=28.453pt)

(/usr/local/texlive/2020/texmf-dist/tex/context/base/mkii/supp-pdf.mkii
[Loading MPS to PDF converter (version 2006.09.02).]
\scratchcounter=\count196
\scratchdimen=\dimen161
\scratchbox=\box49
\nofMPsegments=\count197
\nofMParguments=\count198
\everyMPshowfont=\toks22
\MPscratchCnt=\count199
\MPscratchDim=\dimen162
\MPnumerator=\count266
\makeMPintoPDFobject=\count267
\everyMPtoPDFconversion=\toks23
) (/usr/local/texlive/2020/texmf-dist/tex/latex/epstopdf-pkg/epstopdf-base.sty
Package: epstopdf-base 2020-01-24 v2.11 Base part for package epstopdf
(/usr/local/texlive/2020/texmf-dist/tex/latex/grfext/grfext.sty
Package: grfext 2019/12/03 v1.3 Manage graphics extensions (HO)
)
Package epstopdf-base Info: Redefining graphics rule for `.eps' on input line 4
85.
Package grfext Info: Graphics extension search list:
(grfext)             [.pdf,.png,.jpg,.mps,.jpeg,.jbig2,.jb2,.PDF,.PNG,.JPG,.JPE
G,.JBIG2,.JB2,.eps]
(grfext)             \AppendGraphicsExtensions on input line 504.
(/usr/local/texlive/2020/texmf-dist/tex/latex/latexconfig/epstopdf-sys.cfg
File: epstopdf-sys.cfg 2010/07/13 v1.3 Configuration of (r)epstopdf for TeX Liv
e
))
Package caption Info: Begin \AtBeginDocument code.
Package caption Info: float package is loaded.
Package caption Info: hyperref package is loaded.
Package caption Info: End \AtBeginDocument code.
\AtBeginShipoutBox=\box50

Package hyperref Warning: Draft mode on.

Package hyperref Info: Link coloring ON on input line 142.
(/usr/local/texlive/2020/texmf-dist/tex/latex/hyperref/nameref.sty
Package: nameref 2019/09/16 v2.46 Cross-referencing by name of section
(/usr/local/texlive/2020/texmf-dist/tex/latex/refcount/refcount.sty
Package: refcount 2019/12/15 v3.6 Data extraction from label references (HO)
)
(/usr/local/texlive/2020/texmf-dist/tex/generic/gettitlestring/gettitlestring.s
ty
Package: gettitlestring 2019/12/15 v1.6 Cleanup title references (HO)
)
\c@section@level=\count268
)
LaTeX Info: Redefining \ref on input line 142.
LaTeX Info: Redefining \pageref on input line 142.
LaTeX Info: Redefining \nameref on input line 142.
LaTeX Font Info:    Font shape `T1/NimbusSans/m/n' will be
(Font)              scaled to size 18.0pt on input line 152.
LaTeX Font Info:    Font shape `T1/NimbusSans/b/n' will be
(Font)              scaled to size 18.0pt on input line 154.
LaTeX Font Info:    Font shape `T1/NimbusSans/b/n' will be
(Font)              scaled to size 20.74pt on input line 154.
LaTeX Font Info:    Font shape `T1/NimbusSans/b/it' will be
(Font)              scaled to size 20.74pt on input line 154.
LaTeX Font Info:    Font shape `T1/NimbusSans/b/n' will be
(Font)              scaled to size 11.0pt on input line 160.
LaTeX Font Info:    Trying to load font information for T1+phv on input line 16
0.
(/usr/local/texlive/2020/texmf-dist/tex/latex/psnfss/t1phv.fd
File: t1phv.fd 2001/06/04 scalable font definitions for T1/phv.

LaTeX Warning: Font shape declaration has incorrect series value `mc'.
               It should not contain an `m'! Please correct it.
               Found on input line 20.


LaTeX Warning: Font shape declaration has incorrect series value `mc'.
               It should not contain an `m'! Please correct it.
               Found on input line 23.


LaTeX Warning: Font shape declaration has incorrect series value `mc'.
               It should not contain an `m'! Please correct it.
               Found on input line 26.


LaTeX Warning: Font shape declaration has incorrect series value `mc'.
               It should not contain an `m'! Please correct it.
               Found on input line 46.

)
LaTeX Font Info:    Font shape `T1/NimbusSans/m/it' will be
(Font)              scaled to size 11.0pt on input line 161.
LaTeX Font Info:    Font shape `T1/NimbusSans/m/it' will be
(Font)              scaled to size 9.0pt on input line 161.
LaTeX Font Info:    Font shape `T1/NimbusSans/m/n' will be
(Font)              scaled to size 9.0pt on input line 169.
LaTeX Font Info:    Font shape `T1/NimbusSans/b/n' will be
(Font)              scaled to size 9.0pt on input line 169.
LaTeX Font Info:    External font `cmex10' loaded for size
(Font)              <9> on input line 170.
LaTeX Font Info:    External font `cmex10' loaded for size
(Font)              <6> on input line 170.
LaTeX Font Info:    External font `cmex10' loaded for size
(Font)              <5> on input line 170.
LaTeX Font Info:    Font shape `T1/NimbusSans/m/n' will be
(Font)              scaled to size 12.0pt on input line 229.
LaTeX Font Info:    Font shape `T1/NimbusSans/b/n' will be
(Font)              scaled to size 12.0pt on input line 229.
LaTeX Font Info:    Font shape `T1/NimbusSans/m/it' will be
(Font)              scaled to size 10.0pt on input line 236.
[1

{/usr/local/texlive/2020/texmf-var/fonts/map/pdftex/updmap/pdftex.map}]
LaTeX Font Info:    External font `cmex10' loaded for size
(Font)              <7> on input line 301.
LaTeX Font Info:    Font shape `T1/NimbusSans/m/n' will be
(Font)              scaled to size 7.0pt on input line 301.
LaTeX Font Info:    Trying to load font information for TS1+NimbusSans on input
 line 316.
(/usr/local/texlive/2020/texmf-dist/tex/latex/nimbus15/TS1NimbusSans.fd
File: TS1NimbusSans.fd 2015/09/19 Font definitions for TS1/NimbusSans (msharpe)
.
)
LaTeX Font Info:    Font shape `TS1/NimbusSans/m/n' will be
(Font)              scaled to size 10.0pt on input line 316.
[2]
<../Output/Figures/markdown/fig-1-diet-comparison-1.pdf, id=15, 433.62pt x 433.
62pt>
File: ../Output/Figures/markdown/fig-1-diet-comparison-1.pdf Graphic file (type
 pdf)
<use ../Output/Figures/markdown/fig-1-diet-comparison-1.pdf>
Package pdftex.def Info: ../Output/Figures/markdown/fig-1-diet-comparison-1.pdf
  used on input line 417.
(pdftex.def)             Requested size: 240.90015pt x 240.90015pt.
[3] [4 <../Output/Figures/markdown/fig-1-diet-comparison-1.pdf>]
<../Output/Figures/markdown/fig-2-ramping-rates-1.pdf, id=31, 433.62pt x 433.62
pt>
File: ../Output/Figures/markdown/fig-2-ramping-rates-1.pdf Graphic file (type p
df)
<use ../Output/Figures/markdown/fig-2-ramping-rates-1.pdf>
Package pdftex.def Info: ../Output/Figures/markdown/fig-2-ramping-rates-1.pdf  
used on input line 490.
(pdftex.def)             Requested size: 250.93738pt x 250.93738pt.
LaTeX Font Info:    Font shape `TS1/NimbusSans/m/n' will be
(Font)              scaled to size 9.0pt on input line 494.
<../Output/Figures/afdesigner/fig-3.png, id=32, 1606.0pt x 1606.0pt>
File: ../Output/Figures/afdesigner/fig-3.png Graphic file (type png)
<use ../Output/Figures/afdesigner/fig-3.png>
Package pdftex.def Info: ../Output/Figures/afdesigner/fig-3.png  used on input 
line 516.
(pdftex.def)             Requested size: 301.12427pt x 301.12427pt.
[5 <../Output/Figures/markdown/fig-2-ramping-rates-1.pdf>]
<../Output/Figures/markdown/fig-4-ctmax-length-1.pdf, id=43, 722.7pt x 361.35pt
>
File: ../Output/Figures/markdown/fig-4-ctmax-length-1.pdf Graphic file (type pd
f)
<use ../Output/Figures/markdown/fig-4-ctmax-length-1.pdf>
Package pdftex.def Info: ../Output/Figures/markdown/fig-4-ctmax-length-1.pdf  u
sed on input line 525.
(pdftex.def)             Requested size: 401.50023pt x 200.75012pt.
[6 <../Output/Figures/afdesigner/fig-3.png> <../Output/Figures/markdown/fig-4-c
tmax-length-1.pdf>] [7] [8] (./Moreno_and_Sasaki_2023.bbl
LaTeX Font Info:    Font shape `T1/NimbusSans/b/n' will be
(Font)              scaled to size 10.0pt on input line 10.

Underfull \hbox (badness 2717) in paragraph at lines 61--67
[]\T1/NimbusSans/m/n/10 Chidawanyika, F., Nya-mukondiwa, C., Strathie, L. & Fis
-cher, K. (2017) Ef-fects of ther-mal
 []


Underfull \hbox (badness 5022) in paragraph at lines 84--88
[]\T1/NimbusSans/m/n/10 Djawdan, M., Chip-pin-dale, A., Rose, M. & Bradley, T. 
(1998) Metabolic re-serves and
 []


Underfull \hbox (badness 1769) in paragraph at lines 84--88
\T1/NimbusSans/m/n/10 evolved stress re-sis-tance in \T1/NimbusSans/m/it/10 Dro
sophila melanogaster\T1/NimbusSans/m/n/10 .  \T1/NimbusSans/m/it/10 Phys-i-o-lo
g-i-cal Zo-ol-ogy\T1/NimbusSans/m/n/10 , \T1/NimbusSans/b/n/10 71\T1/NimbusSans
/m/n/10 , 584--594.
 []


Underfull \hbox (badness 2698) in paragraph at lines 121--125
[]\T1/NimbusSans/m/n/10 Harvey, B.P., Mar-shall, K.E., Harley, C.D. & Rus-sell,
 B.D. (2022) Pre-dict-ing re-sponses to
 []


Underfull \hbox (badness 4242) in paragraph at lines 121--125
\T1/NimbusSans/m/n/10 ma-rine heat-waves us-ing func-tional traits.  \T1/Nimbus
Sans/m/it/10 Trends in Ecol-ogy & Evo-lu-tion\T1/NimbusSans/m/n/10 , \T1/Nimbus
Sans/b/n/10 37\T1/NimbusSans/m/n/10 , 20--29.
 []

[9]
Underfull \hbox (badness 1112) in paragraph at lines 127--131
[]\T1/NimbusSans/m/n/10 Hirahara, M. & Toda, T. (2018) Star-va-tion tol-er-ance
 of ex-traor-di-nar-ily heavy em-bay-ment cope-
 []


Underfull \hbox (badness 1383) in paragraph at lines 127--131
\T1/NimbusSans/m/n/10 pod \T1/NimbusSans/m/it/10 Acar-tia steueri \T1/NimbusSan
s/m/n/10 in Sagami Bay, Japan.  \T1/NimbusSans/m/it/10 Plank-ton and Ben-thos R
e-search\T1/NimbusSans/m/n/10 , \T1/NimbusSans/b/n/10 13\T1/NimbusSans/m/n/10 ,
 95--103.
 []


Underfull \hbox (badness 1466) in paragraph at lines 217--221
[]\T1/NimbusSans/m/n/10 Li, X. & Don-ner, S.D. (2022) Length-en-ing of warm pe-
ri-ods in-creased the in-ten-sity of warm-
 []


Underfull \hbox (badness 2165) in paragraph at lines 217--221
\T1/NimbusSans/m/n/10 season ma-rine heat-waves over the past 4 decades.  \T1/N
imbusSans/m/it/10 Cli-mate Dy-nam-ics\T1/NimbusSans/m/n/10 , \T1/NimbusSans/b/n
/10 59\T1/NimbusSans/m/n/10 , 2643--2654.
 []

[10]
Underfull \hbox (badness 1215) in paragraph at lines 252--258
[]\T1/NimbusSans/m/n/10 Mitchell, K.A., Board-man, L., Clusella-Trullas, S. & T
erblanche, J.S. (2017) Ef-fects of nu-tri-ent
 []


Underfull \hbox (badness 1400) in paragraph at lines 252--258
\T1/NimbusSans/m/n/10 and wa-ter re-stric-tion on ther-mal tol-er-ance: A test 
of mech-a-nisms and hy-pothe-ses.  \T1/NimbusSans/m/it/10 Com-
 []

[11]
Underfull \hbox (badness 2293) in paragraph at lines 381--385
[]\T1/NimbusSans/m/n/10 Sokolova, I.M. (2013) Energy-limited tol-er-ance to str
ess as a con-cep-tual frame-work to in-te-
 []


Underfull \hbox (badness 1648) in paragraph at lines 381--385
\T1/NimbusSans/m/n/10 grate the ef-fects of mul-ti-ple stres-sors.  \T1/NimbusS
ans/m/it/10 In-te-gra-tive and Com-par-a-tive Bi-ol-ogy\T1/NimbusSans/m/n/10 , 
\T1/NimbusSans/b/n/10 53\T1/NimbusSans/m/n/10 , 597--608.
 []

)

Package caption Warning: Unused \captionsetup[table] on input line 90.
See the caption package documentation for explanation.

Package atveryend Info: Empty hook `BeforeClearDocument' on input line 647.
[12]
Package atveryend Info: Empty hook `AfterLastShipout' on input line 647.
(./Moreno_and_Sasaki_2023.aux)
Package atveryend Info: Executing hook `AtVeryEndDocument' on input line 647.
Package atveryend Info: Empty hook `AtEndAfterFileList' on input line 647.
 ) 
Here is how much of TeX's memory you used:
 11919 strings out of 480608
 177914 string characters out of 5903631
 447475 words of memory out of 5000000
 27636 multiletter control sequences out of 15000+600000
 584932 words of font info for 50 fonts, out of 8000000 for 9000
 1141 hyphenation exceptions out of 8191
 55i,6n,96p,1286b,514s stack positions out of 5000i,500n,10000p,200000b,80000s
{/usr/local/texlive/2020/texmf-dist/fonts/enc/dvips/fontools/fontools_ts1.enc
}{/usr/local/texlive/2020/texmf-dist/fonts/enc/dvips/nimbus15/nimbus15-ec.enc}{
/usr/local/texlive/2020/texmf-dist/fonts/enc/dvips/base/8r.enc}</usr/local/texl
ive/2020/texmf-dist/fonts/type1/urw/helvetic/uhvb8a.pfb></usr/local/texlive/202
0/texmf-dist/fonts/type1/public/nimbus15/zhv-Bol.pfb></usr/local/texlive/2020/t
exmf-dist/fonts/type1/public/nimbus15/zhv-BolIta.pfb></usr/local/texlive/2020/t
exmf-dist/fonts/type1/public/nimbus15/zhv-Reg.pfb></usr/local/texlive/2020/texm
f-dist/fonts/type1/public/nimbus15/zhv-RegIta.pfb>
Output written on Moreno_and_Sasaki_2023.pdf (12 pages, 369915 bytes).
PDF statistics:
 96 PDF objects out of 1000 (max. 8388607)
 68 compressed objects within 1 object stream
 0 named destinations out of 1000 (max. 500000)
 21 words of extra memory for PDF output out of 10000 (max. 10000000)

